[debug] [2020-10-16T15:52:20.144Z] ----------------------------------------------------------------------
[debug] [2020-10-16T15:52:20.146Z] Command:       /usr/local/bin/node /usr/local/bin/firebase serve
[debug] [2020-10-16T15:52:20.146Z] CLI Version:   8.12.1
[debug] [2020-10-16T15:52:20.147Z] Platform:      darwin
[debug] [2020-10-16T15:52:20.147Z] Node Version:  v12.14.1
[debug] [2020-10-16T15:52:20.148Z] Time:          Fri Oct 16 2020 11:52:20 GMT-0400 (Eastern Daylight Time)
[debug] [2020-10-16T15:52:20.148Z] ----------------------------------------------------------------------
[debug] [2020-10-16T15:52:20.148Z] 
[debug] [2020-10-16T15:52:20.157Z] > command requires scopes: ["email","openid","https://www.googleapis.com/auth/cloudplatformprojects.readonly","https://www.googleapis.com/auth/firebase","https://www.googleapis.com/auth/cloud-platform"]
[debug] [2020-10-16T15:52:20.157Z] > authorizing via signed-in user
[debug] [2020-10-16T15:52:20.157Z] [iam] checking project data-literacy-assessment for permissions ["firebase.projects.get"]
[debug] [2020-10-16T15:52:20.160Z] > refreshing access token with scopes: ["email","https://www.googleapis.com/auth/cloud-platform","https://www.googleapis.com/auth/cloudplatformprojects.readonly","https://www.googleapis.com/auth/firebase","openid"]
[debug] [2020-10-16T15:52:20.160Z] >>> HTTP REQUEST POST https://www.googleapis.com/oauth2/v3/token  
 <request body omitted>
[debug] [2020-10-16T15:52:20.392Z] <<< HTTP RESPONSE 200 {"cache-control":"no-cache, no-store, max-age=0, must-revalidate","date":"Fri, 16 Oct 2020 15:52:20 GMT","pragma":"no-cache","expires":"Mon, 01 Jan 1990 00:00:00 GMT","content-type":"application/json; charset=utf-8","vary":"X-Origin, Referer, Origin,Accept-Encoding","server":"scaffolding on HTTPServer2","x-xss-protection":"0","x-frame-options":"SAMEORIGIN","x-content-type-options":"nosniff","alt-svc":"h3-Q050=\":443\"; ma=2592000,h3-29=\":443\"; ma=2592000,h3-27=\":443\"; ma=2592000,h3-T051=\":443\"; ma=2592000,h3-T050=\":443\"; ma=2592000,h3-Q046=\":443\"; ma=2592000,h3-Q043=\":443\"; ma=2592000,quic=\":443\"; ma=2592000; v=\"46,43\"","accept-ranges":"none","transfer-encoding":"chunked"}
[debug] [2020-10-16T15:52:20.409Z] >>> HTTP REQUEST POST https://cloudresourcemanager.googleapis.com/v1/projects/data-literacy-assessment:testIamPermissions  
 {"permissions":["firebase.projects.get"]}
[debug] [2020-10-16T15:52:20.771Z] <<< HTTP RESPONSE 200 {"content-type":"application/json; charset=UTF-8","vary":"X-Origin, Referer, Origin,Accept-Encoding","date":"Fri, 16 Oct 2020 15:52:20 GMT","server":"ESF","cache-control":"private","x-xss-protection":"0","x-frame-options":"SAMEORIGIN","x-content-type-options":"nosniff","server-timing":"gfet4t7; dur=154","alt-svc":"h3-Q050=\":443\"; ma=2592000,h3-29=\":443\"; ma=2592000,h3-27=\":443\"; ma=2592000,h3-T051=\":443\"; ma=2592000,h3-T050=\":443\"; ma=2592000,h3-Q046=\":443\"; ma=2592000,h3-Q043=\":443\"; ma=2592000,quic=\":443\"; ma=2592000; v=\"46,43\"","accept-ranges":"none","transfer-encoding":"chunked"}
[debug] [2020-10-16T15:52:20.772Z] >>> HTTP REQUEST GET https://firebase.googleapis.com/v1beta1/projects/data-literacy-assessment  
 
[debug] [2020-10-16T15:52:21.035Z] <<< HTTP RESPONSE 200 {"content-type":"application/json; charset=UTF-8","vary":"X-Origin, Referer, Origin,Accept-Encoding","date":"Fri, 16 Oct 2020 15:52:21 GMT","server":"ESF","cache-control":"private","x-xss-protection":"0","x-frame-options":"SAMEORIGIN","x-content-type-options":"nosniff","alt-svc":"h3-Q050=\":443\"; ma=2592000,h3-29=\":443\"; ma=2592000,h3-27=\":443\"; ma=2592000,h3-T051=\":443\"; ma=2592000,h3-T050=\":443\"; ma=2592000,h3-Q046=\":443\"; ma=2592000,h3-Q043=\":443\"; ma=2592000,quic=\":443\"; ma=2592000; v=\"46,43\"","accept-ranges":"none","transfer-encoding":"chunked"}
[info] 
[info] === Serving from '/Users/jordanmorrison/Documents/GitHub/Data-Literacy-Assessment'...
[info] 
[warn] ⚠  Your requested "node" version "8" doesn't match your global version "12" {"metadata":{"emulator":{"name":"functions"},"message":"Your requested \"node\" version \"8\" doesn't match your global version \"12\""}}
[debug] [2020-10-16T15:52:21.055Z] defaultcredentials: writing to file /Users/jordanmorrison/.config/firebase/jordan_morrison_da-an.ca_application_default_credentials.json
[debug] [2020-10-16T15:52:21.056Z] Setting GAC to /Users/jordanmorrison/.config/firebase/jordan_morrison_da-an.ca_application_default_credentials.json {"metadata":{"emulator":{"name":"functions"},"message":"Setting GAC to /Users/jordanmorrison/.config/firebase/jordan_morrison_da-an.ca_application_default_credentials.json"}}
[info] i  functions: Watching "/Users/jordanmorrison/Documents/GitHub/Data-Literacy-Assessment/functions" for Cloud Functions... {"metadata":{"emulator":{"name":"functions"},"message":"Watching \"/Users/jordanmorrison/Documents/GitHub/Data-Literacy-Assessment/functions\" for Cloud Functions..."}}
[debug] [2020-10-16T15:52:21.329Z] [worker-pool] addWorker(~diagnostic~) {"metadata":{"emulator":{"name":"functions"},"message":"[worker-pool] addWorker(~diagnostic~)"}}
[debug] [2020-10-16T15:52:21.329Z] [worker-pool] Adding worker with key ~diagnostic~, total=1 {"metadata":{"emulator":{"name":"functions"},"message":"[worker-pool] Adding worker with key ~diagnostic~, total=1"}}
[debug] [2020-10-16T15:52:21.329Z] [worker-pool] submitWork(triggerId=) {"metadata":{"emulator":{"name":"functions"},"message":"[worker-pool] submitWork(triggerId=)"}}
[debug] [2020-10-16T15:52:21.330Z] [worker-~diagnostic~-b90d6876-caaa-49ba-bd38-1c1d953d6350]: Assigning socketPath: /var/folders/99/87mjvzf93b3cy8095c03grkc0000gn/T/fire_emu_15703.sock {"metadata":{"emulator":{"name":"functions"},"message":"[worker-~diagnostic~-b90d6876-caaa-49ba-bd38-1c1d953d6350]: Assigning socketPath: /var/folders/99/87mjvzf93b3cy8095c03grkc0000gn/T/fire_emu_15703.sock"}}
[debug] [2020-10-16T15:52:21.330Z] [worker-~diagnostic~-b90d6876-caaa-49ba-bd38-1c1d953d6350]: BUSY {"metadata":{"emulator":{"name":"functions"},"message":"[worker-~diagnostic~-b90d6876-caaa-49ba-bd38-1c1d953d6350]: BUSY"}}
[debug] [2020-10-16T15:52:21.572Z] [runtime-status] [15703] Functions runtime initialized. {"cwd":"/Users/jordanmorrison/Documents/GitHub/Data-Literacy-Assessment/functions","node_version":"12.14.1"} {"metadata":{"emulator":{"name":"functions"},"message":"[runtime-status] [15703] Functions runtime initialized. {\"cwd\":\"/Users/jordanmorrison/Documents/GitHub/Data-Literacy-Assessment/functions\",\"node_version\":\"12.14.1\"}"}}
[debug] [2020-10-16T15:52:21.573Z] [runtime-status] [15703] Disabled runtime features: undefined {"metadata":{"emulator":{"name":"functions"},"message":"[runtime-status] [15703] Disabled runtime features: undefined"}}
[debug] [2020-10-16T15:52:21.576Z] [runtime-status] [15703] Resolved module firebase-admin {"declared":true,"installed":true,"version":"8.13.0","resolution":"/Users/jordanmorrison/Documents/GitHub/Data-Literacy-Assessment/functions/node_modules/firebase-admin/lib/index.js"} {"metadata":{"emulator":{"name":"functions"},"message":"[runtime-status] [15703] Resolved module firebase-admin {\"declared\":true,\"installed\":true,\"version\":\"8.13.0\",\"resolution\":\"/Users/jordanmorrison/Documents/GitHub/Data-Literacy-Assessment/functions/node_modules/firebase-admin/lib/index.js\"}"}}
[debug] [2020-10-16T15:52:21.578Z] [runtime-status] [15703] Resolved module firebase-functions {"declared":true,"installed":true,"version":"3.11.0","resolution":"/Users/jordanmorrison/Documents/GitHub/Data-Literacy-Assessment/functions/node_modules/firebase-functions/lib/index.js"} {"metadata":{"emulator":{"name":"functions"},"message":"[runtime-status] [15703] Resolved module firebase-functions {\"declared\":true,\"installed\":true,\"version\":\"3.11.0\",\"resolution\":\"/Users/jordanmorrison/Documents/GitHub/Data-Literacy-Assessment/functions/node_modules/firebase-functions/lib/index.js\"}"}}
[debug] [2020-10-16T15:52:21.579Z] [runtime-status] [15703] Resolved module firebase-functions {"declared":true,"installed":true,"version":"3.11.0","resolution":"/Users/jordanmorrison/Documents/GitHub/Data-Literacy-Assessment/functions/node_modules/firebase-functions/lib/index.js"} {"metadata":{"emulator":{"name":"functions"},"message":"[runtime-status] [15703] Resolved module firebase-functions {\"declared\":true,\"installed\":true,\"version\":\"3.11.0\",\"resolution\":\"/Users/jordanmorrison/Documents/GitHub/Data-Literacy-Assessment/functions/node_modules/firebase-functions/lib/index.js\"}"}}
[debug] [2020-10-16T15:52:21.580Z] [runtime-status] [15703] Outgoing network have been stubbed. [{"name":"http","status":"mocked"},{"name":"http","status":"mocked"},{"name":"https","status":"mocked"},{"name":"https","status":"mocked"},{"name":"net","status":"mocked"}] {"metadata":{"emulator":{"name":"functions"},"message":"[runtime-status] [15703] Outgoing network have been stubbed. [{\"name\":\"http\",\"status\":\"mocked\"},{\"name\":\"http\",\"status\":\"mocked\"},{\"name\":\"https\",\"status\":\"mocked\"},{\"name\":\"https\",\"status\":\"mocked\"},{\"name\":\"net\",\"status\":\"mocked\"}]"}}
[debug] [2020-10-16T15:52:21.581Z] [runtime-status] [15703] Resolved module firebase-functions {"declared":true,"installed":true,"version":"3.11.0","resolution":"/Users/jordanmorrison/Documents/GitHub/Data-Literacy-Assessment/functions/node_modules/firebase-functions/lib/index.js"} {"metadata":{"emulator":{"name":"functions"},"message":"[runtime-status] [15703] Resolved module firebase-functions {\"declared\":true,\"installed\":true,\"version\":\"3.11.0\",\"resolution\":\"/Users/jordanmorrison/Documents/GitHub/Data-Literacy-Assessment/functions/node_modules/firebase-functions/lib/index.js\"}"}}
[debug] [2020-10-16T15:52:21.628Z] [runtime-status] [15703] Checked functions.config() {"config":{}} {"metadata":{"emulator":{"name":"functions"},"message":"[runtime-status] [15703] Checked functions.config() {\"config\":{}}"}}
[debug] [2020-10-16T15:52:21.629Z] [runtime-status] [15703] firebase-functions has been stubbed. {"functionsResolution":{"declared":true,"installed":true,"version":"3.11.0","resolution":"/Users/jordanmorrison/Documents/GitHub/Data-Literacy-Assessment/functions/node_modules/firebase-functions/lib/index.js"}} {"metadata":{"emulator":{"name":"functions"},"message":"[runtime-status] [15703] firebase-functions has been stubbed. {\"functionsResolution\":{\"declared\":true,\"installed\":true,\"version\":\"3.11.0\",\"resolution\":\"/Users/jordanmorrison/Documents/GitHub/Data-Literacy-Assessment/functions/node_modules/firebase-functions/lib/index.js\"}}"}}
[debug] [2020-10-16T15:52:21.629Z] [runtime-status] [15703] Resolved module firebase-functions {"declared":true,"installed":true,"version":"3.11.0","resolution":"/Users/jordanmorrison/Documents/GitHub/Data-Literacy-Assessment/functions/node_modules/firebase-functions/lib/index.js"} {"metadata":{"emulator":{"name":"functions"},"message":"[runtime-status] [15703] Resolved module firebase-functions {\"declared\":true,\"installed\":true,\"version\":\"3.11.0\",\"resolution\":\"/Users/jordanmorrison/Documents/GitHub/Data-Literacy-Assessment/functions/node_modules/firebase-functions/lib/index.js\"}"}}
[debug] [2020-10-16T15:52:21.630Z] [runtime-status] [15703] Resolved module firebase-admin {"declared":true,"installed":true,"version":"8.13.0","resolution":"/Users/jordanmorrison/Documents/GitHub/Data-Literacy-Assessment/functions/node_modules/firebase-admin/lib/index.js"} {"metadata":{"emulator":{"name":"functions"},"message":"[runtime-status] [15703] Resolved module firebase-admin {\"declared\":true,\"installed\":true,\"version\":\"8.13.0\",\"resolution\":\"/Users/jordanmorrison/Documents/GitHub/Data-Literacy-Assessment/functions/node_modules/firebase-admin/lib/index.js\"}"}}
[debug] [2020-10-16T15:52:21.630Z] [runtime-status] [15703] Resolved module firebase-functions {"declared":true,"installed":true,"version":"3.11.0","resolution":"/Users/jordanmorrison/Documents/GitHub/Data-Literacy-Assessment/functions/node_modules/firebase-functions/lib/index.js"} {"metadata":{"emulator":{"name":"functions"},"message":"[runtime-status] [15703] Resolved module firebase-functions {\"declared\":true,\"installed\":true,\"version\":\"3.11.0\",\"resolution\":\"/Users/jordanmorrison/Documents/GitHub/Data-Literacy-Assessment/functions/node_modules/firebase-functions/lib/index.js\"}"}}
[debug] [2020-10-16T15:52:21.630Z] [runtime-status] [15703] firebase-admin has been stubbed. {"adminResolution":{"declared":true,"installed":true,"version":"8.13.0","resolution":"/Users/jordanmorrison/Documents/GitHub/Data-Literacy-Assessment/functions/node_modules/firebase-admin/lib/index.js"}} {"metadata":{"emulator":{"name":"functions"},"message":"[runtime-status] [15703] firebase-admin has been stubbed. {\"adminResolution\":{\"declared\":true,\"installed\":true,\"version\":\"8.13.0\",\"resolution\":\"/Users/jordanmorrison/Documents/GitHub/Data-Literacy-Assessment/functions/node_modules/firebase-admin/lib/index.js\"}}"}}
[debug] [2020-10-16T15:52:21.632Z] [runtime-status] [15703] initializeApp(DEFAULT) {"databaseURL":"https://data-literacy-assessment.firebaseio.com","storageBucket":"data-literacy-assessment.appspot.com","projectId":"data-literacy-assessment"} {"metadata":{"emulator":{"name":"functions"},"message":"[runtime-status] [15703] initializeApp(DEFAULT) {\"databaseURL\":\"https://data-literacy-assessment.firebaseio.com\",\"storageBucket\":\"data-literacy-assessment.appspot.com\",\"projectId\":\"data-literacy-assessment\"}"}}
[info] ✔  functions[storeResults]: http function initialized (http://localhost:5000/data-literacy-assessment/us-central1/storeResults). {"metadata":{"emulator":{"name":"functions"},"message":"\u001b[1mhttp\u001b[22m function initialized (http://localhost:5000/data-literacy-assessment/us-central1/storeResults)."}}
[debug] [2020-10-16T15:52:21.634Z] [worker-~diagnostic~-b90d6876-caaa-49ba-bd38-1c1d953d6350]: IDLE {"metadata":{"emulator":{"name":"functions"},"message":"[worker-~diagnostic~-b90d6876-caaa-49ba-bd38-1c1d953d6350]: IDLE"}}
[debug] [2020-10-16T15:53:11.511Z] [work-queue] {"queueLength":1,"workRunningCount":0}
[debug] [2020-10-16T15:53:11.511Z] [work-queue] {"queueLength":0,"workRunningCount":1}
[debug] [2020-10-16T15:53:11.512Z] Accepted request POST /data-literacy-assessment/us-central1/storeResults --> storeResults
[debug] [2020-10-16T15:53:11.516Z] [worker-pool] addWorker(storeResults) {"metadata":{"emulator":{"name":"functions"},"message":"[worker-pool] addWorker(storeResults)"}}
[debug] [2020-10-16T15:53:11.517Z] [worker-pool] Adding worker with key storeResults, total=1 {"metadata":{"emulator":{"name":"functions"},"message":"[worker-pool] Adding worker with key storeResults, total=1"}}
[debug] [2020-10-16T15:53:11.517Z] [worker-pool] submitWork(triggerId=storeResults) {"metadata":{"emulator":{"name":"functions"},"message":"[worker-pool] submitWork(triggerId=storeResults)"}}
[debug] [2020-10-16T15:53:11.517Z] [worker-storeResults-a9e39853-35a8-493c-b858-de5279e78a5d]: Assigning socketPath: /var/folders/99/87mjvzf93b3cy8095c03grkc0000gn/T/fire_emu_15725.sock {"metadata":{"emulator":{"name":"functions"},"message":"[worker-storeResults-a9e39853-35a8-493c-b858-de5279e78a5d]: Assigning socketPath: /var/folders/99/87mjvzf93b3cy8095c03grkc0000gn/T/fire_emu_15725.sock"}}
[debug] [2020-10-16T15:53:11.517Z] [worker-storeResults-a9e39853-35a8-493c-b858-de5279e78a5d]: BUSY {"metadata":{"emulator":{"name":"functions"},"message":"[worker-storeResults-a9e39853-35a8-493c-b858-de5279e78a5d]: BUSY"}}
[debug] [2020-10-16T15:53:12.036Z] [runtime-status] [15725] Functions runtime initialized. {"cwd":"/Users/jordanmorrison/Documents/GitHub/Data-Literacy-Assessment/functions","node_version":"12.14.1"} {"metadata":{"emulator":{"name":"functions"},"function":{"name":"storeResults"},"message":"[runtime-status] [15725] Functions runtime initialized. {\"cwd\":\"/Users/jordanmorrison/Documents/GitHub/Data-Literacy-Assessment/functions\",\"node_version\":\"12.14.1\"}"}}
[debug] [2020-10-16T15:53:12.038Z] [runtime-status] [15725] Disabled runtime features: undefined {"metadata":{"emulator":{"name":"functions"},"function":{"name":"storeResults"},"message":"[runtime-status] [15725] Disabled runtime features: undefined"}}
[debug] [2020-10-16T15:53:12.041Z] [runtime-status] [15725] Resolved module firebase-admin {"declared":true,"installed":true,"version":"8.13.0","resolution":"/Users/jordanmorrison/Documents/GitHub/Data-Literacy-Assessment/functions/node_modules/firebase-admin/lib/index.js"} {"metadata":{"emulator":{"name":"functions"},"function":{"name":"storeResults"},"message":"[runtime-status] [15725] Resolved module firebase-admin {\"declared\":true,\"installed\":true,\"version\":\"8.13.0\",\"resolution\":\"/Users/jordanmorrison/Documents/GitHub/Data-Literacy-Assessment/functions/node_modules/firebase-admin/lib/index.js\"}"}}
[debug] [2020-10-16T15:53:12.042Z] [runtime-status] [15725] Resolved module firebase-functions {"declared":true,"installed":true,"version":"3.11.0","resolution":"/Users/jordanmorrison/Documents/GitHub/Data-Literacy-Assessment/functions/node_modules/firebase-functions/lib/index.js"} {"metadata":{"emulator":{"name":"functions"},"function":{"name":"storeResults"},"message":"[runtime-status] [15725] Resolved module firebase-functions {\"declared\":true,\"installed\":true,\"version\":\"3.11.0\",\"resolution\":\"/Users/jordanmorrison/Documents/GitHub/Data-Literacy-Assessment/functions/node_modules/firebase-functions/lib/index.js\"}"}}
[debug] [2020-10-16T15:53:12.043Z] [runtime-status] [15725] Resolved module firebase-functions {"declared":true,"installed":true,"version":"3.11.0","resolution":"/Users/jordanmorrison/Documents/GitHub/Data-Literacy-Assessment/functions/node_modules/firebase-functions/lib/index.js"} {"metadata":{"emulator":{"name":"functions"},"function":{"name":"storeResults"},"message":"[runtime-status] [15725] Resolved module firebase-functions {\"declared\":true,\"installed\":true,\"version\":\"3.11.0\",\"resolution\":\"/Users/jordanmorrison/Documents/GitHub/Data-Literacy-Assessment/functions/node_modules/firebase-functions/lib/index.js\"}"}}
[debug] [2020-10-16T15:53:12.045Z] [runtime-status] [15725] Outgoing network have been stubbed. [{"name":"http","status":"mocked"},{"name":"http","status":"mocked"},{"name":"https","status":"mocked"},{"name":"https","status":"mocked"},{"name":"net","status":"mocked"}] {"metadata":{"emulator":{"name":"functions"},"function":{"name":"storeResults"},"message":"[runtime-status] [15725] Outgoing network have been stubbed. [{\"name\":\"http\",\"status\":\"mocked\"},{\"name\":\"http\",\"status\":\"mocked\"},{\"name\":\"https\",\"status\":\"mocked\"},{\"name\":\"https\",\"status\":\"mocked\"},{\"name\":\"net\",\"status\":\"mocked\"}]"}}
[debug] [2020-10-16T15:53:12.045Z] [runtime-status] [15725] Resolved module firebase-functions {"declared":true,"installed":true,"version":"3.11.0","resolution":"/Users/jordanmorrison/Documents/GitHub/Data-Literacy-Assessment/functions/node_modules/firebase-functions/lib/index.js"} {"metadata":{"emulator":{"name":"functions"},"function":{"name":"storeResults"},"message":"[runtime-status] [15725] Resolved module firebase-functions {\"declared\":true,\"installed\":true,\"version\":\"3.11.0\",\"resolution\":\"/Users/jordanmorrison/Documents/GitHub/Data-Literacy-Assessment/functions/node_modules/firebase-functions/lib/index.js\"}"}}
[debug] [2020-10-16T15:53:12.105Z] [runtime-status] [15725] Checked functions.config() {"config":{}} {"metadata":{"emulator":{"name":"functions"},"function":{"name":"storeResults"},"message":"[runtime-status] [15725] Checked functions.config() {\"config\":{}}"}}
[debug] [2020-10-16T15:53:12.105Z] [runtime-status] [15725] firebase-functions has been stubbed. {"functionsResolution":{"declared":true,"installed":true,"version":"3.11.0","resolution":"/Users/jordanmorrison/Documents/GitHub/Data-Literacy-Assessment/functions/node_modules/firebase-functions/lib/index.js"}} {"metadata":{"emulator":{"name":"functions"},"function":{"name":"storeResults"},"message":"[runtime-status] [15725] firebase-functions has been stubbed. {\"functionsResolution\":{\"declared\":true,\"installed\":true,\"version\":\"3.11.0\",\"resolution\":\"/Users/jordanmorrison/Documents/GitHub/Data-Literacy-Assessment/functions/node_modules/firebase-functions/lib/index.js\"}}"}}
[debug] [2020-10-16T15:53:12.106Z] [runtime-status] [15725] Resolved module firebase-functions {"declared":true,"installed":true,"version":"3.11.0","resolution":"/Users/jordanmorrison/Documents/GitHub/Data-Literacy-Assessment/functions/node_modules/firebase-functions/lib/index.js"} {"metadata":{"emulator":{"name":"functions"},"function":{"name":"storeResults"},"message":"[runtime-status] [15725] Resolved module firebase-functions {\"declared\":true,\"installed\":true,\"version\":\"3.11.0\",\"resolution\":\"/Users/jordanmorrison/Documents/GitHub/Data-Literacy-Assessment/functions/node_modules/firebase-functions/lib/index.js\"}"}}
[debug] [2020-10-16T15:53:12.107Z] [runtime-status] [15725] Resolved module firebase-admin {"declared":true,"installed":true,"version":"8.13.0","resolution":"/Users/jordanmorrison/Documents/GitHub/Data-Literacy-Assessment/functions/node_modules/firebase-admin/lib/index.js"} {"metadata":{"emulator":{"name":"functions"},"function":{"name":"storeResults"},"message":"[runtime-status] [15725] Resolved module firebase-admin {\"declared\":true,\"installed\":true,\"version\":\"8.13.0\",\"resolution\":\"/Users/jordanmorrison/Documents/GitHub/Data-Literacy-Assessment/functions/node_modules/firebase-admin/lib/index.js\"}"}}
[debug] [2020-10-16T15:53:12.107Z] [runtime-status] [15725] Resolved module firebase-functions {"declared":true,"installed":true,"version":"3.11.0","resolution":"/Users/jordanmorrison/Documents/GitHub/Data-Literacy-Assessment/functions/node_modules/firebase-functions/lib/index.js"} {"metadata":{"emulator":{"name":"functions"},"function":{"name":"storeResults"},"message":"[runtime-status] [15725] Resolved module firebase-functions {\"declared\":true,\"installed\":true,\"version\":\"3.11.0\",\"resolution\":\"/Users/jordanmorrison/Documents/GitHub/Data-Literacy-Assessment/functions/node_modules/firebase-functions/lib/index.js\"}"}}
[debug] [2020-10-16T15:53:12.108Z] [runtime-status] [15725] firebase-admin has been stubbed. {"adminResolution":{"declared":true,"installed":true,"version":"8.13.0","resolution":"/Users/jordanmorrison/Documents/GitHub/Data-Literacy-Assessment/functions/node_modules/firebase-admin/lib/index.js"}} {"metadata":{"emulator":{"name":"functions"},"function":{"name":"storeResults"},"message":"[runtime-status] [15725] firebase-admin has been stubbed. {\"adminResolution\":{\"declared\":true,\"installed\":true,\"version\":\"8.13.0\",\"resolution\":\"/Users/jordanmorrison/Documents/GitHub/Data-Literacy-Assessment/functions/node_modules/firebase-admin/lib/index.js\"}}"}}
[debug] [2020-10-16T15:53:12.110Z] [runtime-status] [15725] initializeApp(DEFAULT) {"databaseURL":"https://data-literacy-assessment.firebaseio.com","storageBucket":"data-literacy-assessment.appspot.com","projectId":"data-literacy-assessment"} {"metadata":{"emulator":{"name":"functions"},"function":{"name":"storeResults"},"message":"[runtime-status] [15725] initializeApp(DEFAULT) {\"databaseURL\":\"https://data-literacy-assessment.firebaseio.com\",\"storageBucket\":\"data-literacy-assessment.appspot.com\",\"projectId\":\"data-literacy-assessment\"}"}}
[debug] [2020-10-16T15:53:12.112Z] [runtime-status] [15725] Trigger "storeResults" has been found, beginning invocation! {"metadata":{"emulator":{"name":"functions"},"function":{"name":"storeResults"},"message":"[runtime-status] [15725] Trigger \"storeResults\" has been found, beginning invocation!"}}
[info] i  functions: Beginning execution of "storeResults" {"metadata":{"emulator":{"name":"functions"},"function":{"name":"storeResults"},"message":"Beginning execution of \"storeResults\""}}
[debug] [2020-10-16T15:53:12.113Z] [runtime-status] [15725] triggerDefinition {"httpsTrigger":{},"name":"storeResults","entryPoint":"storeResults"} {"metadata":{"emulator":{"name":"functions"},"function":{"name":"storeResults"},"message":"[runtime-status] [15725] triggerDefinition {\"httpsTrigger\":{},\"name\":\"storeResults\",\"entryPoint\":\"storeResults\"}"}}
[debug] [2020-10-16T15:53:12.113Z] [runtime-status] [15725] Running storeResults in mode HTTPS {"metadata":{"emulator":{"name":"functions"},"function":{"name":"storeResults"},"message":"[runtime-status] [15725] Running storeResults in mode HTTPS"}}
[debug] [2020-10-16T15:53:12.116Z] [runtime-status] [15725] Attempting to listen to socketPath: /var/folders/99/87mjvzf93b3cy8095c03grkc0000gn/T/fire_emu_15725.sock {"metadata":{"emulator":{"name":"functions"},"function":{"name":"storeResults"},"message":"[runtime-status] [15725] Attempting to listen to socketPath: /var/folders/99/87mjvzf93b3cy8095c03grkc0000gn/T/fire_emu_15725.sock"}}
[debug] [2020-10-16T15:53:12.119Z] [functions] Runtime ready! Sending request! {"metadata":{"emulator":{"name":"functions"},"message":"[functions] Runtime ready! Sending request!"}}
[debug] [2020-10-16T15:53:12.141Z] [runtime-status] [15725] Ephemeral server handling POST request {"metadata":{"emulator":{"name":"functions"},"function":{"name":"storeResults"},"message":"[runtime-status] [15725] Ephemeral server handling POST request"}}
[warn] ⚠  functions: The Cloud Firestore emulator is not running, so calls to Firestore will affect production. {"metadata":{"emulator":{"name":"functions"},"function":{"name":"storeResults"},"message":"The Cloud Firestore emulator is not running, so calls to Firestore will affect production."}}
[debug] [2020-10-16T15:53:12.697Z] [runtime-status] [15725] Ephemeral server survived. {"metadata":{"emulator":{"name":"functions"},"function":{"name":"storeResults"},"message":"[runtime-status] [15725] Ephemeral server survived."}}
[warn] ⚠  Google API requested!
   - URL: "https://oauth2.googleapis.com/token"
   - Be careful, this may be a production service. {"metadata":{"emulator":{"name":"functions"},"function":{"name":"storeResults"},"message":"Google API requested!\n   - URL: \"https://oauth2.googleapis.com/token\"\n   - Be careful, this may be a production service."}}
[info] i  functions: Finished "storeResults" in ~1s {"metadata":{"emulator":{"name":"functions"},"function":{"name":"storeResults"},"message":"Finished \"storeResults\" in ~1s"}}
[debug] [2020-10-16T15:53:13.343Z] [worker-storeResults-a9e39853-35a8-493c-b858-de5279e78a5d]: IDLE {"metadata":{"emulator":{"name":"functions"},"message":"[worker-storeResults-a9e39853-35a8-493c-b858-de5279e78a5d]: IDLE"}}
[debug] [2020-10-16T15:53:13.343Z] [work-queue] {"queueLength":0,"workRunningCount":0}
[debug] [2020-10-16T15:54:37.426Z] [work-queue] {"queueLength":1,"workRunningCount":0}
[debug] [2020-10-16T15:54:37.426Z] [work-queue] {"queueLength":0,"workRunningCount":1}
[debug] [2020-10-16T15:54:37.427Z] Accepted request POST /data-literacy-assessment/us-central1/storeResults --> storeResults
[debug] [2020-10-16T15:54:37.427Z] [worker-pool] submitWork(triggerId=storeResults) {"metadata":{"emulator":{"name":"functions"},"message":"[worker-pool] submitWork(triggerId=storeResults)"}}
[debug] [2020-10-16T15:54:37.427Z] [worker-storeResults-a9e39853-35a8-493c-b858-de5279e78a5d]: Assigning socketPath: /var/folders/99/87mjvzf93b3cy8095c03grkc0000gn/T/fire_emu_15725.sock {"metadata":{"emulator":{"name":"functions"},"message":"[worker-storeResults-a9e39853-35a8-493c-b858-de5279e78a5d]: Assigning socketPath: /var/folders/99/87mjvzf93b3cy8095c03grkc0000gn/T/fire_emu_15725.sock"}}
[debug] [2020-10-16T15:54:37.427Z] [worker-storeResults-a9e39853-35a8-493c-b858-de5279e78a5d]: BUSY {"metadata":{"emulator":{"name":"functions"},"message":"[worker-storeResults-a9e39853-35a8-493c-b858-de5279e78a5d]: BUSY"}}
[debug] [2020-10-16T15:54:37.427Z] [runtime-status] [15725] Trigger "storeResults" has been found, beginning invocation! {"metadata":{"emulator":{"name":"functions"},"function":{"name":"storeResults"},"message":"[runtime-status] [15725] Trigger \"storeResults\" has been found, beginning invocation!"}}
[info] i  functions: Beginning execution of "storeResults" {"metadata":{"emulator":{"name":"functions"},"function":{"name":"storeResults"},"message":"Beginning execution of \"storeResults\""}}
[debug] [2020-10-16T15:54:37.428Z] [runtime-status] [15725] triggerDefinition {"httpsTrigger":{},"name":"storeResults","entryPoint":"storeResults"} {"metadata":{"emulator":{"name":"functions"},"function":{"name":"storeResults"},"message":"[runtime-status] [15725] triggerDefinition {\"httpsTrigger\":{},\"name\":\"storeResults\",\"entryPoint\":\"storeResults\"}"}}
[debug] [2020-10-16T15:54:37.428Z] [runtime-status] [15725] Running storeResults in mode HTTPS {"metadata":{"emulator":{"name":"functions"},"function":{"name":"storeResults"},"message":"[runtime-status] [15725] Running storeResults in mode HTTPS"}}
[debug] [2020-10-16T15:54:37.428Z] [runtime-status] [15725] Attempting to listen to socketPath: /var/folders/99/87mjvzf93b3cy8095c03grkc0000gn/T/fire_emu_15725.sock {"metadata":{"emulator":{"name":"functions"},"function":{"name":"storeResults"},"message":"[runtime-status] [15725] Attempting to listen to socketPath: /var/folders/99/87mjvzf93b3cy8095c03grkc0000gn/T/fire_emu_15725.sock"}}
[debug] [2020-10-16T15:54:37.432Z] [functions] Runtime ready! Sending request! {"metadata":{"emulator":{"name":"functions"},"message":"[functions] Runtime ready! Sending request!"}}
[debug] [2020-10-16T15:54:37.437Z] [runtime-status] [15725] Ephemeral server handling POST request {"metadata":{"emulator":{"name":"functions"},"function":{"name":"storeResults"},"message":"[runtime-status] [15725] Ephemeral server handling POST request"}}
[debug] [2020-10-16T15:54:37.437Z] [runtime-status] [15725] Ephemeral server survived. {"metadata":{"emulator":{"name":"functions"},"function":{"name":"storeResults"},"message":"[runtime-status] [15725] Ephemeral server survived."}}
[info] i  functions: Finished "storeResults" in ~1s {"metadata":{"emulator":{"name":"functions"},"function":{"name":"storeResults"},"message":"Finished \"storeResults\" in ~1s"}}
[debug] [2020-10-16T15:54:37.589Z] [worker-storeResults-a9e39853-35a8-493c-b858-de5279e78a5d]: IDLE {"metadata":{"emulator":{"name":"functions"},"message":"[worker-storeResults-a9e39853-35a8-493c-b858-de5279e78a5d]: IDLE"}}
[debug] [2020-10-16T15:54:37.589Z] [work-queue] {"queueLength":0,"workRunningCount":0}
[debug] [2020-10-16T15:55:20.202Z] [work-queue] {"queueLength":1,"workRunningCount":0}
[debug] [2020-10-16T15:55:20.202Z] [work-queue] {"queueLength":0,"workRunningCount":1}
[debug] [2020-10-16T15:55:20.202Z] Accepted request POST /data-literacy-assessment/us-central1/storeResults --> storeResults
[debug] [2020-10-16T15:55:20.202Z] [worker-pool] submitWork(triggerId=storeResults) {"metadata":{"emulator":{"name":"functions"},"message":"[worker-pool] submitWork(triggerId=storeResults)"}}
[debug] [2020-10-16T15:55:20.202Z] [worker-storeResults-a9e39853-35a8-493c-b858-de5279e78a5d]: Assigning socketPath: /var/folders/99/87mjvzf93b3cy8095c03grkc0000gn/T/fire_emu_15725.sock {"metadata":{"emulator":{"name":"functions"},"message":"[worker-storeResults-a9e39853-35a8-493c-b858-de5279e78a5d]: Assigning socketPath: /var/folders/99/87mjvzf93b3cy8095c03grkc0000gn/T/fire_emu_15725.sock"}}
[debug] [2020-10-16T15:55:20.203Z] [worker-storeResults-a9e39853-35a8-493c-b858-de5279e78a5d]: BUSY {"metadata":{"emulator":{"name":"functions"},"message":"[worker-storeResults-a9e39853-35a8-493c-b858-de5279e78a5d]: BUSY"}}
[debug] [2020-10-16T15:55:20.203Z] [runtime-status] [15725] Trigger "storeResults" has been found, beginning invocation! {"metadata":{"emulator":{"name":"functions"},"function":{"name":"storeResults"},"message":"[runtime-status] [15725] Trigger \"storeResults\" has been found, beginning invocation!"}}
[info] i  functions: Beginning execution of "storeResults" {"metadata":{"emulator":{"name":"functions"},"function":{"name":"storeResults"},"message":"Beginning execution of \"storeResults\""}}
[debug] [2020-10-16T15:55:20.203Z] [runtime-status] [15725] triggerDefinition {"httpsTrigger":{},"name":"storeResults","entryPoint":"storeResults"} {"metadata":{"emulator":{"name":"functions"},"function":{"name":"storeResults"},"message":"[runtime-status] [15725] triggerDefinition {\"httpsTrigger\":{},\"name\":\"storeResults\",\"entryPoint\":\"storeResults\"}"}}
[debug] [2020-10-16T15:55:20.204Z] [runtime-status] [15725] Running storeResults in mode HTTPS {"metadata":{"emulator":{"name":"functions"},"function":{"name":"storeResults"},"message":"[runtime-status] [15725] Running storeResults in mode HTTPS"}}
[debug] [2020-10-16T15:55:20.204Z] [runtime-status] [15725] Attempting to listen to socketPath: /var/folders/99/87mjvzf93b3cy8095c03grkc0000gn/T/fire_emu_15725.sock {"metadata":{"emulator":{"name":"functions"},"function":{"name":"storeResults"},"message":"[runtime-status] [15725] Attempting to listen to socketPath: /var/folders/99/87mjvzf93b3cy8095c03grkc0000gn/T/fire_emu_15725.sock"}}
[debug] [2020-10-16T15:55:20.208Z] [functions] Runtime ready! Sending request! {"metadata":{"emulator":{"name":"functions"},"message":"[functions] Runtime ready! Sending request!"}}
[debug] [2020-10-16T15:55:20.210Z] [runtime-status] [15725] Ephemeral server handling POST request {"metadata":{"emulator":{"name":"functions"},"function":{"name":"storeResults"},"message":"[runtime-status] [15725] Ephemeral server handling POST request"}}
[debug] [2020-10-16T15:55:20.211Z] [runtime-status] [15725] Ephemeral server survived. {"metadata":{"emulator":{"name":"functions"},"function":{"name":"storeResults"},"message":"[runtime-status] [15725] Ephemeral server survived."}}
[info] i  functions: Finished "storeResults" in ~1s {"metadata":{"emulator":{"name":"functions"},"function":{"name":"storeResults"},"message":"Finished \"storeResults\" in ~1s"}}
[debug] [2020-10-16T15:55:20.331Z] [worker-storeResults-a9e39853-35a8-493c-b858-de5279e78a5d]: IDLE {"metadata":{"emulator":{"name":"functions"},"message":"[worker-storeResults-a9e39853-35a8-493c-b858-de5279e78a5d]: IDLE"}}
[debug] [2020-10-16T15:55:20.332Z] [work-queue] {"queueLength":0,"workRunningCount":0}
[debug] [2020-10-16T15:56:04.404Z] [work-queue] {"queueLength":1,"workRunningCount":0}
[debug] [2020-10-16T15:56:04.404Z] [work-queue] {"queueLength":0,"workRunningCount":1}
[debug] [2020-10-16T15:56:04.404Z] Accepted request POST /data-literacy-assessment/us-central1/storeResults --> storeResults
[debug] [2020-10-16T15:56:04.404Z] [worker-pool] submitWork(triggerId=storeResults) {"metadata":{"emulator":{"name":"functions"},"message":"[worker-pool] submitWork(triggerId=storeResults)"}}
[debug] [2020-10-16T15:56:04.404Z] [worker-storeResults-a9e39853-35a8-493c-b858-de5279e78a5d]: Assigning socketPath: /var/folders/99/87mjvzf93b3cy8095c03grkc0000gn/T/fire_emu_15725.sock {"metadata":{"emulator":{"name":"functions"},"message":"[worker-storeResults-a9e39853-35a8-493c-b858-de5279e78a5d]: Assigning socketPath: /var/folders/99/87mjvzf93b3cy8095c03grkc0000gn/T/fire_emu_15725.sock"}}
[debug] [2020-10-16T15:56:04.404Z] [worker-storeResults-a9e39853-35a8-493c-b858-de5279e78a5d]: BUSY {"metadata":{"emulator":{"name":"functions"},"message":"[worker-storeResults-a9e39853-35a8-493c-b858-de5279e78a5d]: BUSY"}}
[debug] [2020-10-16T15:56:04.405Z] [runtime-status] [15725] Trigger "storeResults" has been found, beginning invocation! {"metadata":{"emulator":{"name":"functions"},"function":{"name":"storeResults"},"message":"[runtime-status] [15725] Trigger \"storeResults\" has been found, beginning invocation!"}}
[info] i  functions: Beginning execution of "storeResults" {"metadata":{"emulator":{"name":"functions"},"function":{"name":"storeResults"},"message":"Beginning execution of \"storeResults\""}}
[debug] [2020-10-16T15:56:04.405Z] [runtime-status] [15725] triggerDefinition {"httpsTrigger":{},"name":"storeResults","entryPoint":"storeResults"} {"metadata":{"emulator":{"name":"functions"},"function":{"name":"storeResults"},"message":"[runtime-status] [15725] triggerDefinition {\"httpsTrigger\":{},\"name\":\"storeResults\",\"entryPoint\":\"storeResults\"}"}}
[debug] [2020-10-16T15:56:04.405Z] [runtime-status] [15725] Running storeResults in mode HTTPS {"metadata":{"emulator":{"name":"functions"},"function":{"name":"storeResults"},"message":"[runtime-status] [15725] Running storeResults in mode HTTPS"}}
[debug] [2020-10-16T15:56:04.405Z] [runtime-status] [15725] Attempting to listen to socketPath: /var/folders/99/87mjvzf93b3cy8095c03grkc0000gn/T/fire_emu_15725.sock {"metadata":{"emulator":{"name":"functions"},"function":{"name":"storeResults"},"message":"[runtime-status] [15725] Attempting to listen to socketPath: /var/folders/99/87mjvzf93b3cy8095c03grkc0000gn/T/fire_emu_15725.sock"}}
[debug] [2020-10-16T15:56:04.410Z] [functions] Runtime ready! Sending request! {"metadata":{"emulator":{"name":"functions"},"message":"[functions] Runtime ready! Sending request!"}}
[debug] [2020-10-16T15:56:04.411Z] [runtime-status] [15725] Ephemeral server handling POST request {"metadata":{"emulator":{"name":"functions"},"function":{"name":"storeResults"},"message":"[runtime-status] [15725] Ephemeral server handling POST request"}}
[debug] [2020-10-16T15:56:04.412Z] [runtime-status] [15725] Ephemeral server survived. {"metadata":{"emulator":{"name":"functions"},"function":{"name":"storeResults"},"message":"[runtime-status] [15725] Ephemeral server survived."}}
[info] i  functions: Finished "storeResults" in ~1s {"metadata":{"emulator":{"name":"functions"},"function":{"name":"storeResults"},"message":"Finished \"storeResults\" in ~1s"}}
[debug] [2020-10-16T15:56:04.561Z] [worker-storeResults-a9e39853-35a8-493c-b858-de5279e78a5d]: IDLE {"metadata":{"emulator":{"name":"functions"},"message":"[worker-storeResults-a9e39853-35a8-493c-b858-de5279e78a5d]: IDLE"}}
[debug] [2020-10-16T15:56:04.561Z] [work-queue] {"queueLength":0,"workRunningCount":0}
[debug] [2020-10-16T19:35:10.897Z] File /Users/jordanmorrison/Documents/GitHub/Data-Literacy-Assessment/functions/index.js changed, reloading triggers {"metadata":{"emulator":{"name":"functions"},"message":"File /Users/jordanmorrison/Documents/GitHub/Data-Literacy-Assessment/functions/index.js changed, reloading triggers"}}
[debug] [2020-10-16T19:35:11.905Z] [worker-pool] Shutting down IDLE worker (~diagnostic~) {"metadata":{"emulator":{"name":"functions"},"message":"[worker-pool] Shutting down IDLE worker (~diagnostic~)"}}
[debug] [2020-10-16T19:35:11.906Z] [worker-~diagnostic~-b90d6876-caaa-49ba-bd38-1c1d953d6350]: FINISHING {"metadata":{"emulator":{"name":"functions"},"message":"[worker-~diagnostic~-b90d6876-caaa-49ba-bd38-1c1d953d6350]: FINISHING"}}
[debug] [2020-10-16T19:35:11.907Z] [worker-pool] Shutting down IDLE worker (storeResults) {"metadata":{"emulator":{"name":"functions"},"message":"[worker-pool] Shutting down IDLE worker (storeResults)"}}
[debug] [2020-10-16T19:35:11.907Z] [worker-storeResults-a9e39853-35a8-493c-b858-de5279e78a5d]: FINISHING {"metadata":{"emulator":{"name":"functions"},"message":"[worker-storeResults-a9e39853-35a8-493c-b858-de5279e78a5d]: FINISHING"}}
[debug] [2020-10-16T19:35:11.919Z] [worker-pool] addWorker(~diagnostic~) {"metadata":{"emulator":{"name":"functions"},"message":"[worker-pool] addWorker(~diagnostic~)"}}
[debug] [2020-10-16T19:35:11.920Z] [worker-pool] Adding worker with key ~diagnostic~, total=2 {"metadata":{"emulator":{"name":"functions"},"message":"[worker-pool] Adding worker with key ~diagnostic~, total=2"}}
[debug] [2020-10-16T19:35:11.920Z] [worker-pool] submitWork(triggerId=) {"metadata":{"emulator":{"name":"functions"},"message":"[worker-pool] submitWork(triggerId=)"}}
[debug] [2020-10-16T19:35:11.920Z] [worker-~diagnostic~-88a2c7cb-07c3-4e5f-8923-f3d8dc7e8077]: Assigning socketPath: /var/folders/99/87mjvzf93b3cy8095c03grkc0000gn/T/fire_emu_17868.sock {"metadata":{"emulator":{"name":"functions"},"message":"[worker-~diagnostic~-88a2c7cb-07c3-4e5f-8923-f3d8dc7e8077]: Assigning socketPath: /var/folders/99/87mjvzf93b3cy8095c03grkc0000gn/T/fire_emu_17868.sock"}}
[debug] [2020-10-16T19:35:11.920Z] [worker-~diagnostic~-88a2c7cb-07c3-4e5f-8923-f3d8dc7e8077]: BUSY {"metadata":{"emulator":{"name":"functions"},"message":"[worker-~diagnostic~-88a2c7cb-07c3-4e5f-8923-f3d8dc7e8077]: BUSY"}}
[debug] [2020-10-16T19:35:11.923Z] [worker-~diagnostic~-b90d6876-caaa-49ba-bd38-1c1d953d6350]: exited {"metadata":{"emulator":{"name":"functions"},"message":"[worker-~diagnostic~-b90d6876-caaa-49ba-bd38-1c1d953d6350]: exited"}}
[debug] [2020-10-16T19:35:11.923Z] [worker-~diagnostic~-b90d6876-caaa-49ba-bd38-1c1d953d6350]: FINISHED {"metadata":{"emulator":{"name":"functions"},"message":"[worker-~diagnostic~-b90d6876-caaa-49ba-bd38-1c1d953d6350]: FINISHED"}}
[debug] [2020-10-16T19:35:11.924Z] [worker-storeResults-a9e39853-35a8-493c-b858-de5279e78a5d]: exited {"metadata":{"emulator":{"name":"functions"},"message":"[worker-storeResults-a9e39853-35a8-493c-b858-de5279e78a5d]: exited"}}
[debug] [2020-10-16T19:35:11.924Z] [worker-storeResults-a9e39853-35a8-493c-b858-de5279e78a5d]: FINISHED {"metadata":{"emulator":{"name":"functions"},"message":"[worker-storeResults-a9e39853-35a8-493c-b858-de5279e78a5d]: FINISHED"}}
[debug] [2020-10-16T19:35:12.642Z] [runtime-status] [17868] Functions runtime initialized. {"cwd":"/Users/jordanmorrison/Documents/GitHub/Data-Literacy-Assessment/functions","node_version":"12.14.1"} {"metadata":{"emulator":{"name":"functions"},"message":"[runtime-status] [17868] Functions runtime initialized. {\"cwd\":\"/Users/jordanmorrison/Documents/GitHub/Data-Literacy-Assessment/functions\",\"node_version\":\"12.14.1\"}"}}
[debug] [2020-10-16T19:35:12.643Z] [runtime-status] [17868] Disabled runtime features: undefined {"metadata":{"emulator":{"name":"functions"},"message":"[runtime-status] [17868] Disabled runtime features: undefined"}}
[debug] [2020-10-16T19:35:12.653Z] [runtime-status] [17868] Resolved module firebase-admin {"declared":true,"installed":true,"version":"8.13.0","resolution":"/Users/jordanmorrison/Documents/GitHub/Data-Literacy-Assessment/functions/node_modules/firebase-admin/lib/index.js"} {"metadata":{"emulator":{"name":"functions"},"message":"[runtime-status] [17868] Resolved module firebase-admin {\"declared\":true,\"installed\":true,\"version\":\"8.13.0\",\"resolution\":\"/Users/jordanmorrison/Documents/GitHub/Data-Literacy-Assessment/functions/node_modules/firebase-admin/lib/index.js\"}"}}
[debug] [2020-10-16T19:35:12.657Z] [runtime-status] [17868] Resolved module firebase-functions {"declared":true,"installed":true,"version":"3.11.0","resolution":"/Users/jordanmorrison/Documents/GitHub/Data-Literacy-Assessment/functions/node_modules/firebase-functions/lib/index.js"} {"metadata":{"emulator":{"name":"functions"},"message":"[runtime-status] [17868] Resolved module firebase-functions {\"declared\":true,\"installed\":true,\"version\":\"3.11.0\",\"resolution\":\"/Users/jordanmorrison/Documents/GitHub/Data-Literacy-Assessment/functions/node_modules/firebase-functions/lib/index.js\"}"}}
[debug] [2020-10-16T19:35:12.658Z] [runtime-status] [17868] Resolved module firebase-functions {"declared":true,"installed":true,"version":"3.11.0","resolution":"/Users/jordanmorrison/Documents/GitHub/Data-Literacy-Assessment/functions/node_modules/firebase-functions/lib/index.js"} {"metadata":{"emulator":{"name":"functions"},"message":"[runtime-status] [17868] Resolved module firebase-functions {\"declared\":true,\"installed\":true,\"version\":\"3.11.0\",\"resolution\":\"/Users/jordanmorrison/Documents/GitHub/Data-Literacy-Assessment/functions/node_modules/firebase-functions/lib/index.js\"}"}}
[debug] [2020-10-16T19:35:12.659Z] [runtime-status] [17868] Outgoing network have been stubbed. [{"name":"http","status":"mocked"},{"name":"http","status":"mocked"},{"name":"https","status":"mocked"},{"name":"https","status":"mocked"},{"name":"net","status":"mocked"}] {"metadata":{"emulator":{"name":"functions"},"message":"[runtime-status] [17868] Outgoing network have been stubbed. [{\"name\":\"http\",\"status\":\"mocked\"},{\"name\":\"http\",\"status\":\"mocked\"},{\"name\":\"https\",\"status\":\"mocked\"},{\"name\":\"https\",\"status\":\"mocked\"},{\"name\":\"net\",\"status\":\"mocked\"}]"}}
[debug] [2020-10-16T19:35:12.659Z] [runtime-status] [17868] Resolved module firebase-functions {"declared":true,"installed":true,"version":"3.11.0","resolution":"/Users/jordanmorrison/Documents/GitHub/Data-Literacy-Assessment/functions/node_modules/firebase-functions/lib/index.js"} {"metadata":{"emulator":{"name":"functions"},"message":"[runtime-status] [17868] Resolved module firebase-functions {\"declared\":true,\"installed\":true,\"version\":\"3.11.0\",\"resolution\":\"/Users/jordanmorrison/Documents/GitHub/Data-Literacy-Assessment/functions/node_modules/firebase-functions/lib/index.js\"}"}}
[debug] [2020-10-16T19:35:12.747Z] [runtime-status] [17868] Checked functions.config() {"config":{}} {"metadata":{"emulator":{"name":"functions"},"message":"[runtime-status] [17868] Checked functions.config() {\"config\":{}}"}}
[debug] [2020-10-16T19:35:12.747Z] [runtime-status] [17868] firebase-functions has been stubbed. {"functionsResolution":{"declared":true,"installed":true,"version":"3.11.0","resolution":"/Users/jordanmorrison/Documents/GitHub/Data-Literacy-Assessment/functions/node_modules/firebase-functions/lib/index.js"}} {"metadata":{"emulator":{"name":"functions"},"message":"[runtime-status] [17868] firebase-functions has been stubbed. {\"functionsResolution\":{\"declared\":true,\"installed\":true,\"version\":\"3.11.0\",\"resolution\":\"/Users/jordanmorrison/Documents/GitHub/Data-Literacy-Assessment/functions/node_modules/firebase-functions/lib/index.js\"}}"}}
[debug] [2020-10-16T19:35:12.748Z] [runtime-status] [17868] Resolved module firebase-functions {"declared":true,"installed":true,"version":"3.11.0","resolution":"/Users/jordanmorrison/Documents/GitHub/Data-Literacy-Assessment/functions/node_modules/firebase-functions/lib/index.js"} {"metadata":{"emulator":{"name":"functions"},"message":"[runtime-status] [17868] Resolved module firebase-functions {\"declared\":true,\"installed\":true,\"version\":\"3.11.0\",\"resolution\":\"/Users/jordanmorrison/Documents/GitHub/Data-Literacy-Assessment/functions/node_modules/firebase-functions/lib/index.js\"}"}}
[debug] [2020-10-16T19:35:12.748Z] [runtime-status] [17868] Resolved module firebase-admin {"declared":true,"installed":true,"version":"8.13.0","resolution":"/Users/jordanmorrison/Documents/GitHub/Data-Literacy-Assessment/functions/node_modules/firebase-admin/lib/index.js"} {"metadata":{"emulator":{"name":"functions"},"message":"[runtime-status] [17868] Resolved module firebase-admin {\"declared\":true,\"installed\":true,\"version\":\"8.13.0\",\"resolution\":\"/Users/jordanmorrison/Documents/GitHub/Data-Literacy-Assessment/functions/node_modules/firebase-admin/lib/index.js\"}"}}
[debug] [2020-10-16T19:35:12.749Z] [runtime-status] [17868] Resolved module firebase-functions {"declared":true,"installed":true,"version":"3.11.0","resolution":"/Users/jordanmorrison/Documents/GitHub/Data-Literacy-Assessment/functions/node_modules/firebase-functions/lib/index.js"} {"metadata":{"emulator":{"name":"functions"},"message":"[runtime-status] [17868] Resolved module firebase-functions {\"declared\":true,\"installed\":true,\"version\":\"3.11.0\",\"resolution\":\"/Users/jordanmorrison/Documents/GitHub/Data-Literacy-Assessment/functions/node_modules/firebase-functions/lib/index.js\"}"}}
[debug] [2020-10-16T19:35:12.749Z] [runtime-status] [17868] firebase-admin has been stubbed. {"adminResolution":{"declared":true,"installed":true,"version":"8.13.0","resolution":"/Users/jordanmorrison/Documents/GitHub/Data-Literacy-Assessment/functions/node_modules/firebase-admin/lib/index.js"}} {"metadata":{"emulator":{"name":"functions"},"message":"[runtime-status] [17868] firebase-admin has been stubbed. {\"adminResolution\":{\"declared\":true,\"installed\":true,\"version\":\"8.13.0\",\"resolution\":\"/Users/jordanmorrison/Documents/GitHub/Data-Literacy-Assessment/functions/node_modules/firebase-admin/lib/index.js\"}}"}}
[debug] [2020-10-16T19:35:12.754Z] [runtime-status] [17868] initializeApp(DEFAULT) {"databaseURL":"https://data-literacy-assessment.firebaseio.com","storageBucket":"data-literacy-assessment.appspot.com","projectId":"data-literacy-assessment"} {"metadata":{"emulator":{"name":"functions"},"message":"[runtime-status] [17868] initializeApp(DEFAULT) {\"databaseURL\":\"https://data-literacy-assessment.firebaseio.com\",\"storageBucket\":\"data-literacy-assessment.appspot.com\",\"projectId\":\"data-literacy-assessment\"}"}}
[debug] [2020-10-16T19:35:12.757Z] [worker-~diagnostic~-88a2c7cb-07c3-4e5f-8923-f3d8dc7e8077]: IDLE {"metadata":{"emulator":{"name":"functions"},"message":"[worker-~diagnostic~-88a2c7cb-07c3-4e5f-8923-f3d8dc7e8077]: IDLE"}}
